{"/home/chgibson94/hackreactor/atelier/client/src/sharedComponents/ParsedDate.jsx": {"path":"/home/chgibson94/hackreactor/atelier/client/src/sharedComponents/ParsedDate.jsx","statementMap":{"0":{"start":{"line":3,"column":19},"end":{"line":16,"column":1}},"1":{"start":{"line":5,"column":19},"end":{"line":8,"column":1}},"2":{"start":{"line":6,"column":18},"end":{"line":6,"column":68}},"3":{"start":{"line":7,"column":2},"end":{"line":7,"column":67}},"4":{"start":{"line":10,"column":0},"end":{"line":14,"column":1}}},"fnMap":{"0":{"name":"(anonymous_0)","decl":{"start":{"line":3,"column":19},"end":{"line":3,"column":20}},"loc":{"start":{"line":3,"column":31},"end":{"line":16,"column":1}},"line":3},"1":{"name":"(anonymous_1)","decl":{"start":{"line":5,"column":19},"end":{"line":5,"column":20}},"loc":{"start":{"line":5,"column":35},"end":{"line":8,"column":1}},"line":5}},"branchMap":{},"s":{"0":3,"1":3,"2":3,"3":3,"4":3},"f":{"0":3,"1":3},"b":{},"_coverageSchema":"1a1c01bbd47fc00a2c39e90264f33305004495a9","hash":"f07ba8e12e4bc18e305d5460f786d23cf678f396"}
,"/home/chgibson94/hackreactor/atelier/client/src/sharedComponents/customButton/CustomButton.jsx": {"path":"/home/chgibson94/hackreactor/atelier/client/src/sharedComponents/customButton/CustomButton.jsx","statementMap":{"0":{"start":{"line":10,"column":24},"end":{"line":14,"column":3}},"1":{"start":{"line":11,"column":4},"end":{"line":13,"column":5}},"2":{"start":{"line":12,"column":6},"end":{"line":12,"column":28}},"3":{"start":{"line":16,"column":2},"end":{"line":29,"column":4}},"4":{"start":{"line":17,"column":63},"end":{"line":17,"column":78}}},"fnMap":{"0":{"name":"Button","decl":{"start":{"line":7,"column":9},"end":{"line":7,"column":15}},"loc":{"start":{"line":9,"column":3},"end":{"line":30,"column":1}},"line":9},"1":{"name":"(anonymous_1)","decl":{"start":{"line":10,"column":24},"end":{"line":10,"column":25}},"loc":{"start":{"line":10,"column":30},"end":{"line":14,"column":3}},"line":10},"2":{"name":"(anonymous_2)","decl":{"start":{"line":17,"column":57},"end":{"line":17,"column":58}},"loc":{"start":{"line":17,"column":63},"end":{"line":17,"column":78}},"line":17}},"branchMap":{"0":{"loc":{"start":{"line":11,"column":4},"end":{"line":13,"column":5}},"type":"if","locations":[{"start":{"line":11,"column":4},"end":{"line":13,"column":5}},{"start":{},"end":{}}],"line":11},"1":{"loc":{"start":{"line":18,"column":72},"end":{"line":18,"column":105}},"type":"cond-expr","locations":[{"start":{"line":18,"column":79},"end":{"line":18,"column":94}},{"start":{"line":18,"column":97},"end":{"line":18,"column":105}}],"line":18},"2":{"loc":{"start":{"line":22,"column":9},"end":{"line":26,"column":9}},"type":"binary-expr","locations":[{"start":{"line":22,"column":9},"end":{"line":22,"column":13}},{"start":{"line":23,"column":10},"end":{"line":25,"column":16}}],"line":22}},"s":{"0":9,"1":0,"2":0,"3":9,"4":0},"f":{"0":9,"1":0,"2":0},"b":{"0":[0,0],"1":[8,1],"2":[9,8]},"_coverageSchema":"1a1c01bbd47fc00a2c39e90264f33305004495a9","hash":"9dd70cab42cf2e71260cfb147753102557d87f6a"}
,"/home/chgibson94/hackreactor/atelier/client/src/sharedComponents/fiveStars/FiveStars.jsx": {"path":"/home/chgibson94/hackreactor/atelier/client/src/sharedComponents/fiveStars/FiveStars.jsx","statementMap":{"0":{"start":{"line":7,"column":22},"end":{"line":27,"column":3}},"1":{"start":{"line":8,"column":22},"end":{"line":8,"column":44}},"2":{"start":{"line":9,"column":22},"end":{"line":9,"column":46}},"3":{"start":{"line":10,"column":21},"end":{"line":10,"column":35}},"4":{"start":{"line":11,"column":18},"end":{"line":11,"column":20}},"5":{"start":{"line":13,"column":4},"end":{"line":15,"column":5}},"6":{"start":{"line":13,"column":17},"end":{"line":13,"column":18}},"7":{"start":{"line":14,"column":6},"end":{"line":14,"column":31}},"8":{"start":{"line":17,"column":4},"end":{"line":20,"column":5}},"9":{"start":{"line":18,"column":6},"end":{"line":18,"column":35}},"10":{"start":{"line":19,"column":6},"end":{"line":19,"column":22}},"11":{"start":{"line":22,"column":4},"end":{"line":24,"column":5}},"12":{"start":{"line":22,"column":17},"end":{"line":22,"column":18}},"13":{"start":{"line":23,"column":6},"end":{"line":23,"column":38}},"14":{"start":{"line":26,"column":4},"end":{"line":26,"column":17}},"15":{"start":{"line":29,"column":2},"end":{"line":31,"column":4}}},"fnMap":{"0":{"name":"FiveStars","decl":{"start":{"line":6,"column":9},"end":{"line":6,"column":18}},"loc":{"start":{"line":6,"column":31},"end":{"line":32,"column":1}},"line":6},"1":{"name":"(anonymous_1)","decl":{"start":{"line":7,"column":22},"end":{"line":7,"column":23}},"loc":{"start":{"line":7,"column":38},"end":{"line":27,"column":3}},"line":7}},"branchMap":{"0":{"loc":{"start":{"line":17,"column":4},"end":{"line":20,"column":5}},"type":"if","locations":[{"start":{"line":17,"column":4},"end":{"line":20,"column":5}},{"start":{},"end":{}}],"line":17},"1":{"loc":{"start":{"line":30,"column":58},"end":{"line":30,"column":106}},"type":"cond-expr","locations":[{"start":{"line":30,"column":67},"end":{"line":30,"column":86}},{"start":{"line":30,"column":89},"end":{"line":30,"column":106}}],"line":30}},"s":{"0":9,"1":6,"2":6,"3":6,"4":6,"5":6,"6":6,"7":25,"8":6,"9":5,"10":5,"11":6,"12":6,"13":0,"14":6,"15":9},"f":{"0":9,"1":6},"b":{"0":[5,1],"1":[6,3]},"_coverageSchema":"1a1c01bbd47fc00a2c39e90264f33305004495a9","hash":"7c3c57b5788fa4563aa6d084f2a24b6939ef71c6"}
,"/home/chgibson94/hackreactor/atelier/client/src/sharedComponents/upvoteLink/UpvoteLink.jsx": {"path":"/home/chgibson94/hackreactor/atelier/client/src/sharedComponents/upvoteLink/UpvoteLink.jsx","statementMap":{"0":{"start":{"line":10,"column":40},"end":{"line":10,"column":64}},"1":{"start":{"line":11,"column":18},"end":{"line":11,"column":20}},"2":{"start":{"line":13,"column":2},"end":{"line":19,"column":3}},"3":{"start":{"line":14,"column":4},"end":{"line":14,"column":97}},"4":{"start":{"line":15,"column":9},"end":{"line":19,"column":3}},"5":{"start":{"line":16,"column":4},"end":{"line":16,"column":100}},"6":{"start":{"line":18,"column":4},"end":{"line":18,"column":102}},"7":{"start":{"line":21,"column":17},"end":{"line":32,"column":3}},"8":{"start":{"line":22,"column":4},"end":{"line":28,"column":7}},"9":{"start":{"line":30,"column":22},"end":{"line":30,"column":25}},"10":{"start":{"line":31,"column":4},"end":{"line":31,"column":40}},"11":{"start":{"line":34,"column":2},"end":{"line":52,"column":4}},"12":{"start":{"line":40,"column":10},"end":{"line":40,"column":29}},"13":{"start":{"line":41,"column":10},"end":{"line":41,"column":33}}},"fnMap":{"0":{"name":"UpvoteLink","decl":{"start":{"line":9,"column":9},"end":{"line":9,"column":19}},"loc":{"start":{"line":9,"column":50},"end":{"line":53,"column":1}},"line":9},"1":{"name":"(anonymous_1)","decl":{"start":{"line":21,"column":17},"end":{"line":21,"column":18}},"loc":{"start":{"line":21,"column":31},"end":{"line":32,"column":3}},"line":21},"2":{"name":"(anonymous_2)","decl":{"start":{"line":39,"column":18},"end":{"line":39,"column":19}},"loc":{"start":{"line":39,"column":25},"end":{"line":42,"column":9}},"line":39}},"branchMap":{"0":{"loc":{"start":{"line":13,"column":2},"end":{"line":19,"column":3}},"type":"if","locations":[{"start":{"line":13,"column":2},"end":{"line":19,"column":3}},{"start":{"line":15,"column":9},"end":{"line":19,"column":3}}],"line":13},"1":{"loc":{"start":{"line":15,"column":9},"end":{"line":19,"column":3}},"type":"if","locations":[{"start":{"line":15,"column":9},"end":{"line":19,"column":3}},{"start":{"line":17,"column":9},"end":{"line":19,"column":3}}],"line":15}},"s":{"0":2,"1":2,"2":2,"3":0,"4":2,"5":0,"6":2,"7":2,"8":0,"9":0,"10":0,"11":2,"12":0,"13":0},"f":{"0":2,"1":0,"2":0},"b":{"0":[0,2],"1":[0,2]},"_coverageSchema":"1a1c01bbd47fc00a2c39e90264f33305004495a9","hash":"78080d1f816b3b50018428b4f1a86b1f83b6b2f5"}
,"/home/chgibson94/hackreactor/atelier/client/src/widgets/Overview.jsx": {"path":"/home/chgibson94/hackreactor/atelier/client/src/widgets/Overview.jsx","statementMap":{"0":{"start":{"line":12,"column":36},"end":{"line":15,"column":4}},"1":{"start":{"line":16,"column":34},"end":{"line":16,"column":48}},"2":{"start":{"line":17,"column":32},"end":{"line":17,"column":43}},"3":{"start":{"line":18,"column":36},"end":{"line":18,"column":50}},"4":{"start":{"line":19,"column":44},"end":{"line":19,"column":56}},"5":{"start":{"line":20,"column":26},"end":{"line":20,"column":40}},"6":{"start":{"line":21,"column":34},"end":{"line":21,"column":48}},"7":{"start":{"line":22,"column":20},"end":{"line":22,"column":32}},"8":{"start":{"line":23,"column":38},"end":{"line":23,"column":53}},"9":{"start":{"line":25,"column":20},"end":{"line":45,"column":3}},"10":{"start":{"line":26,"column":4},"end":{"line":44,"column":9}},"11":{"start":{"line":32,"column":8},"end":{"line":32,"column":40}},"12":{"start":{"line":33,"column":8},"end":{"line":37,"column":11}},"13":{"start":{"line":34,"column":10},"end":{"line":36,"column":11}},"14":{"start":{"line":35,"column":12},"end":{"line":35,"column":39}},"15":{"start":{"line":39,"column":8},"end":{"line":39,"column":26}},"16":{"start":{"line":42,"column":8},"end":{"line":42,"column":54}},"17":{"start":{"line":43,"column":8},"end":{"line":43,"column":28}},"18":{"start":{"line":47,"column":22},"end":{"line":53,"column":3}},"19":{"start":{"line":48,"column":4},"end":{"line":48,"column":24}},"20":{"start":{"line":49,"column":4},"end":{"line":52,"column":7}},"21":{"start":{"line":55,"column":19},"end":{"line":70,"column":3}},"22":{"start":{"line":56,"column":4},"end":{"line":69,"column":5}},"23":{"start":{"line":57,"column":6},"end":{"line":57,"column":32}},"24":{"start":{"line":58,"column":6},"end":{"line":58,"column":26}},"25":{"start":{"line":60,"column":6},"end":{"line":60,"column":35}},"26":{"start":{"line":61,"column":6},"end":{"line":68,"column":9}},"27":{"start":{"line":72,"column":19},"end":{"line":74,"column":3}},"28":{"start":{"line":73,"column":4},"end":{"line":73,"column":40}},"29":{"start":{"line":76,"column":2},"end":{"line":78,"column":9}},"30":{"start":{"line":77,"column":4},"end":{"line":77,"column":16}},"31":{"start":{"line":80,"column":2},"end":{"line":82,"column":3}},"32":{"start":{"line":81,"column":4},"end":{"line":81,"column":62}},"33":{"start":{"line":84,"column":2},"end":{"line":86,"column":3}},"34":{"start":{"line":85,"column":4},"end":{"line":85,"column":71}},"35":{"start":{"line":88,"column":2},"end":{"line":122,"column":4}},"36":{"start":{"line":125,"column":0},"end":{"line":128,"column":2}},"37":{"start":{"line":130,"column":0},"end":{"line":138,"column":2}}},"fnMap":{"0":{"name":"Overview","decl":{"start":{"line":11,"column":9},"end":{"line":11,"column":17}},"loc":{"start":{"line":11,"column":59},"end":{"line":123,"column":1}},"line":11},"1":{"name":"(anonymous_1)","decl":{"start":{"line":25,"column":20},"end":{"line":25,"column":21}},"loc":{"start":{"line":25,"column":26},"end":{"line":45,"column":3}},"line":25},"2":{"name":"(anonymous_2)","decl":{"start":{"line":31,"column":12},"end":{"line":31,"column":13}},"loc":{"start":{"line":31,"column":26},"end":{"line":38,"column":7}},"line":31},"3":{"name":"(anonymous_3)","decl":{"start":{"line":33,"column":38},"end":{"line":33,"column":39}},"loc":{"start":{"line":33,"column":56},"end":{"line":37,"column":9}},"line":33},"4":{"name":"(anonymous_4)","decl":{"start":{"line":38,"column":14},"end":{"line":38,"column":15}},"loc":{"start":{"line":38,"column":20},"end":{"line":40,"column":7}},"line":38},"5":{"name":"(anonymous_5)","decl":{"start":{"line":41,"column":13},"end":{"line":41,"column":14}},"loc":{"start":{"line":41,"column":22},"end":{"line":44,"column":7}},"line":41},"6":{"name":"(anonymous_6)","decl":{"start":{"line":47,"column":22},"end":{"line":47,"column":23}},"loc":{"start":{"line":47,"column":33},"end":{"line":53,"column":3}},"line":47},"7":{"name":"(anonymous_7)","decl":{"start":{"line":55,"column":19},"end":{"line":55,"column":20}},"loc":{"start":{"line":55,"column":25},"end":{"line":70,"column":3}},"line":55},"8":{"name":"(anonymous_8)","decl":{"start":{"line":72,"column":19},"end":{"line":72,"column":20}},"loc":{"start":{"line":72,"column":25},"end":{"line":74,"column":3}},"line":72},"9":{"name":"(anonymous_9)","decl":{"start":{"line":76,"column":12},"end":{"line":76,"column":13}},"loc":{"start":{"line":76,"column":18},"end":{"line":78,"column":3}},"line":76}},"branchMap":{"0":{"loc":{"start":{"line":34,"column":10},"end":{"line":36,"column":11}},"type":"if","locations":[{"start":{"line":34,"column":10},"end":{"line":36,"column":11}},{"start":{},"end":{}}],"line":34},"1":{"loc":{"start":{"line":56,"column":4},"end":{"line":69,"column":5}},"type":"if","locations":[{"start":{"line":56,"column":4},"end":{"line":69,"column":5}},{"start":{"line":59,"column":11},"end":{"line":69,"column":5}}],"line":56},"2":{"loc":{"start":{"line":80,"column":2},"end":{"line":82,"column":3}},"type":"if","locations":[{"start":{"line":80,"column":2},"end":{"line":82,"column":3}},{"start":{},"end":{}}],"line":80},"3":{"loc":{"start":{"line":84,"column":2},"end":{"line":86,"column":3}},"type":"if","locations":[{"start":{"line":84,"column":2},"end":{"line":86,"column":3}},{"start":{},"end":{}}],"line":84}},"s":{"0":3,"1":3,"2":3,"3":3,"4":3,"5":3,"6":3,"7":3,"8":3,"9":3,"10":2,"11":0,"12":0,"13":0,"14":0,"15":0,"16":1,"17":1,"18":3,"19":0,"20":0,"21":3,"22":0,"23":0,"24":0,"25":0,"26":0,"27":3,"28":0,"29":3,"30":2,"31":3,"32":2,"33":1,"34":1,"35":0,"36":1,"37":1},"f":{"0":3,"1":2,"2":0,"3":0,"4":0,"5":1,"6":0,"7":0,"8":0,"9":2},"b":{"0":[0,0],"1":[0,0],"2":[2,1],"3":[1,0]},"_coverageSchema":"1a1c01bbd47fc00a2c39e90264f33305004495a9","hash":"d1273eca076756bc3c909300b3811af70da4036a"}
,"/home/chgibson94/hackreactor/atelier/client/src/widgets/Overview/Description.jsx": {"path":"/home/chgibson94/hackreactor/atelier/client/src/widgets/Overview/Description.jsx","statementMap":{"0":{"start":{"line":7,"column":2},"end":{"line":30,"column":4}},"1":{"start":{"line":20,"column":12},"end":{"line":25,"column":17}}},"fnMap":{"0":{"name":"Description","decl":{"start":{"line":6,"column":9},"end":{"line":6,"column":20}},"loc":{"start":{"line":6,"column":34},"end":{"line":31,"column":1}},"line":6},"1":{"name":"(anonymous_1)","decl":{"start":{"line":19,"column":51},"end":{"line":19,"column":52}},"loc":{"start":{"line":20,"column":12},"end":{"line":25,"column":17}},"line":20}},"branchMap":{"0":{"loc":{"start":{"line":12,"column":11},"end":{"line":12,"column":66}},"type":"cond-expr","locations":[{"start":{"line":12,"column":21},"end":{"line":12,"column":40}},{"start":{"line":12,"column":43},"end":{"line":12,"column":66}}],"line":12},"1":{"loc":{"start":{"line":19,"column":11},"end":{"line":26,"column":19}},"type":"cond-expr","locations":[{"start":{"line":19,"column":30},"end":{"line":26,"column":12}},{"start":{"line":26,"column":15},"end":{"line":26,"column":19}}],"line":19}},"s":{"0":1,"1":1},"f":{"0":1,"1":1},"b":{"0":[1,0],"1":[1,0]},"_coverageSchema":"1a1c01bbd47fc00a2c39e90264f33305004495a9","hash":"ab19e0db868eb9609c435cb66577e998dcf0e335"}
,"/home/chgibson94/hackreactor/atelier/client/src/widgets/Overview/Gallery.jsx": {"path":"/home/chgibson94/hackreactor/atelier/client/src/widgets/Overview/Gallery.jsx","statementMap":{"0":{"start":{"line":10,"column":32},"end":{"line":10,"column":43}},"1":{"start":{"line":11,"column":20},"end":{"line":21,"column":3}},"2":{"start":{"line":12,"column":4},"end":{"line":14,"column":5}},"3":{"start":{"line":13,"column":6},"end":{"line":13,"column":30}},"4":{"start":{"line":15,"column":4},"end":{"line":17,"column":5}},"5":{"start":{"line":16,"column":6},"end":{"line":16,"column":30}},"6":{"start":{"line":18,"column":4},"end":{"line":20,"column":5}},"7":{"start":{"line":19,"column":6},"end":{"line":19,"column":22}},"8":{"start":{"line":23,"column":2},"end":{"line":25,"column":3}},"9":{"start":{"line":24,"column":4},"end":{"line":24,"column":35}},"10":{"start":{"line":27,"column":2},"end":{"line":64,"column":4}},"11":{"start":{"line":39,"column":18},"end":{"line":39,"column":36}},"12":{"start":{"line":49,"column":18},"end":{"line":49,"column":39}},"13":{"start":{"line":60,"column":10},"end":{"line":60,"column":46}}},"fnMap":{"0":{"name":"Gallery","decl":{"start":{"line":9,"column":9},"end":{"line":9,"column":16}},"loc":{"start":{"line":9,"column":32},"end":{"line":65,"column":1}},"line":9},"1":{"name":"(anonymous_1)","decl":{"start":{"line":11,"column":20},"end":{"line":11,"column":21}},"loc":{"start":{"line":11,"column":29},"end":{"line":21,"column":3}},"line":11},"2":{"name":"(anonymous_2)","decl":{"start":{"line":38,"column":25},"end":{"line":38,"column":26}},"loc":{"start":{"line":38,"column":31},"end":{"line":40,"column":17}},"line":38},"3":{"name":"(anonymous_3)","decl":{"start":{"line":48,"column":25},"end":{"line":48,"column":26}},"loc":{"start":{"line":48,"column":31},"end":{"line":50,"column":17}},"line":48},"4":{"name":"(anonymous_4)","decl":{"start":{"line":59,"column":30},"end":{"line":59,"column":31}},"loc":{"start":{"line":60,"column":10},"end":{"line":60,"column":46}},"line":60}},"branchMap":{"0":{"loc":{"start":{"line":12,"column":4},"end":{"line":14,"column":5}},"type":"if","locations":[{"start":{"line":12,"column":4},"end":{"line":14,"column":5}},{"start":{},"end":{}}],"line":12},"1":{"loc":{"start":{"line":12,"column":8},"end":{"line":12,"column":68}},"type":"binary-expr","locations":[{"start":{"line":12,"column":8},"end":{"line":12,"column":25}},{"start":{"line":12,"column":29},"end":{"line":12,"column":68}}],"line":12},"2":{"loc":{"start":{"line":15,"column":4},"end":{"line":17,"column":5}},"type":"if","locations":[{"start":{"line":15,"column":4},"end":{"line":17,"column":5}},{"start":{},"end":{}}],"line":15},"3":{"loc":{"start":{"line":15,"column":8},"end":{"line":15,"column":37}},"type":"binary-expr","locations":[{"start":{"line":15,"column":8},"end":{"line":15,"column":22}},{"start":{"line":15,"column":26},"end":{"line":15,"column":37}}],"line":15},"4":{"loc":{"start":{"line":18,"column":4},"end":{"line":20,"column":5}},"type":"if","locations":[{"start":{"line":18,"column":4},"end":{"line":20,"column":5}},{"start":{},"end":{}}],"line":18},"5":{"loc":{"start":{"line":23,"column":2},"end":{"line":25,"column":3}},"type":"if","locations":[{"start":{"line":23,"column":2},"end":{"line":25,"column":3}},{"start":{},"end":{}}],"line":23},"6":{"loc":{"start":{"line":35,"column":15},"end":{"line":42,"column":15}},"type":"binary-expr","locations":[{"start":{"line":35,"column":15},"end":{"line":35,"column":26}},{"start":{"line":36,"column":14},"end":{"line":41,"column":16}}],"line":35},"7":{"loc":{"start":{"line":45,"column":15},"end":{"line":52,"column":15}},"type":"binary-expr","locations":[{"start":{"line":45,"column":15},"end":{"line":45,"column":54}},{"start":{"line":46,"column":14},"end":{"line":51,"column":16}}],"line":45}},"s":{"0":4,"1":4,"2":2,"3":1,"4":2,"5":1,"6":2,"7":0,"8":4,"9":1,"10":3,"11":1,"12":1,"13":6},"f":{"0":4,"1":2,"2":1,"3":1,"4":6},"b":{"0":[1,1],"1":[2,1],"2":[1,1],"3":[2,1],"4":[0,2],"5":[1,3],"6":[3,1],"7":[3,2]},"_coverageSchema":"1a1c01bbd47fc00a2c39e90264f33305004495a9","hash":"077301a65b128a5200581b9d48ed5ee6c371345f"}
,"/home/chgibson94/hackreactor/atelier/client/src/widgets/Overview/GalleryImg.jsx": {"path":"/home/chgibson94/hackreactor/atelier/client/src/widgets/Overview/GalleryImg.jsx","statementMap":{"0":{"start":{"line":5,"column":2},"end":{"line":9,"column":4}}},"fnMap":{"0":{"name":"GalleryImg","decl":{"start":{"line":4,"column":9},"end":{"line":4,"column":19}},"loc":{"start":{"line":4,"column":29},"end":{"line":10,"column":1}},"line":4}},"branchMap":{},"s":{"0":6},"f":{"0":6},"b":{},"_coverageSchema":"1a1c01bbd47fc00a2c39e90264f33305004495a9","hash":"72bf372aebb85b30600f5bbc5b050a06f2f2745b"}
,"/home/chgibson94/hackreactor/atelier/client/src/widgets/Overview/ProductSize.jsx": {"path":"/home/chgibson94/hackreactor/atelier/client/src/widgets/Overview/ProductSize.jsx","statementMap":{"0":{"start":{"line":10,"column":36},"end":{"line":10,"column":50}},"1":{"start":{"line":11,"column":34},"end":{"line":11,"column":48}},"2":{"start":{"line":12,"column":42},"end":{"line":12,"column":57}},"3":{"start":{"line":14,"column":22},"end":{"line":21,"column":3}},"4":{"start":{"line":15,"column":24},"end":{"line":15,"column":49}},"5":{"start":{"line":16,"column":16},"end":{"line":16,"column":43}},"6":{"start":{"line":17,"column":4},"end":{"line":17,"column":20}},"7":{"start":{"line":18,"column":4},"end":{"line":18,"column":23}},"8":{"start":{"line":19,"column":4},"end":{"line":19,"column":22}},"9":{"start":{"line":20,"column":4},"end":{"line":20,"column":24}},"10":{"start":{"line":23,"column":21},"end":{"line":25,"column":3}},"11":{"start":{"line":24,"column":4},"end":{"line":24,"column":39}},"12":{"start":{"line":27,"column":2},"end":{"line":35,"column":9}},"13":{"start":{"line":28,"column":14},"end":{"line":28,"column":15}},"14":{"start":{"line":29,"column":4},"end":{"line":31,"column":7}},"15":{"start":{"line":30,"column":6},"end":{"line":30,"column":43}},"16":{"start":{"line":32,"column":4},"end":{"line":34,"column":5}},"17":{"start":{"line":33,"column":6},"end":{"line":33,"column":28}},"18":{"start":{"line":37,"column":2},"end":{"line":61,"column":4}},"19":{"start":{"line":43,"column":54},"end":{"line":44,"column":105}},"20":{"start":{"line":48,"column":49},"end":{"line":49,"column":59}}},"fnMap":{"0":{"name":"ProductSize","decl":{"start":{"line":7,"column":9},"end":{"line":7,"column":20}},"loc":{"start":{"line":9,"column":3},"end":{"line":62,"column":1}},"line":9},"1":{"name":"(anonymous_1)","decl":{"start":{"line":14,"column":22},"end":{"line":14,"column":23}},"loc":{"start":{"line":14,"column":29},"end":{"line":21,"column":3}},"line":14},"2":{"name":"(anonymous_2)","decl":{"start":{"line":23,"column":21},"end":{"line":23,"column":22}},"loc":{"start":{"line":23,"column":28},"end":{"line":25,"column":3}},"line":23},"3":{"name":"(anonymous_3)","decl":{"start":{"line":27,"column":12},"end":{"line":27,"column":13}},"loc":{"start":{"line":27,"column":18},"end":{"line":35,"column":3}},"line":27},"4":{"name":"(anonymous_4)","decl":{"start":{"line":29,"column":39},"end":{"line":29,"column":40}},"loc":{"start":{"line":29,"column":50},"end":{"line":31,"column":5}},"line":29},"5":{"name":"(anonymous_5)","decl":{"start":{"line":43,"column":42},"end":{"line":43,"column":43}},"loc":{"start":{"line":43,"column":54},"end":{"line":44,"column":105}},"line":43},"6":{"name":"(anonymous_6)","decl":{"start":{"line":48,"column":38},"end":{"line":48,"column":39}},"loc":{"start":{"line":48,"column":49},"end":{"line":49,"column":59}},"line":48}},"branchMap":{"0":{"loc":{"start":{"line":32,"column":4},"end":{"line":34,"column":5}},"type":"if","locations":[{"start":{"line":32,"column":4},"end":{"line":34,"column":5}},{"start":{},"end":{}}],"line":32},"1":{"loc":{"start":{"line":39,"column":45},"end":{"line":39,"column":76}},"type":"cond-expr","locations":[{"start":{"line":39,"column":58},"end":{"line":39,"column":69}},{"start":{"line":39,"column":72},"end":{"line":39,"column":76}}],"line":39},"2":{"loc":{"start":{"line":42,"column":32},"end":{"line":42,"column":79}},"type":"cond-expr","locations":[{"start":{"line":42,"column":47},"end":{"line":42,"column":61}},{"start":{"line":42,"column":64},"end":{"line":42,"column":79}}],"line":42},"3":{"loc":{"start":{"line":43,"column":54},"end":{"line":44,"column":105}},"type":"cond-expr","locations":[{"start":{"line":43,"column":89},"end":{"line":43,"column":93}},{"start":{"line":44,"column":14},"end":{"line":44,"column":105}}],"line":43},"4":{"loc":{"start":{"line":47,"column":11},"end":{"line":47,"column":59}},"type":"cond-expr","locations":[{"start":{"line":47,"column":24},"end":{"line":47,"column":52}},{"start":{"line":47,"column":55},"end":{"line":47,"column":59}}],"line":47},"5":{"loc":{"start":{"line":48,"column":49},"end":{"line":49,"column":59}},"type":"cond-expr","locations":[{"start":{"line":49,"column":14},"end":{"line":49,"column":52}},{"start":{"line":49,"column":55},"end":{"line":49,"column":59}}],"line":48}},"s":{"0":4,"1":4,"2":4,"3":4,"4":0,"5":0,"6":0,"7":0,"8":0,"9":0,"10":4,"11":0,"12":4,"13":2,"14":2,"15":2,"16":2,"17":2,"18":4,"19":4,"20":4},"f":{"0":4,"1":0,"2":0,"3":2,"4":2,"5":4,"6":4},"b":{"0":[2,0],"1":[0,4],"2":[2,2],"3":[0,4],"4":[4,0],"5":[4,0]},"_coverageSchema":"1a1c01bbd47fc00a2c39e90264f33305004495a9","hash":"1d73f96effe7554e18930d23375870a312da0a4d"}
,"/home/chgibson94/hackreactor/atelier/client/src/widgets/Overview/ProductStyle.jsx": {"path":"/home/chgibson94/hackreactor/atelier/client/src/widgets/Overview/ProductStyle.jsx","statementMap":{"0":{"start":{"line":9,"column":2},"end":{"line":11,"column":3}},"1":{"start":{"line":10,"column":4},"end":{"line":10,"column":43}},"2":{"start":{"line":12,"column":2},"end":{"line":29,"column":4}},"3":{"start":{"line":20,"column":10},"end":{"line":25,"column":12}}},"fnMap":{"0":{"name":"ProductStyle","decl":{"start":{"line":6,"column":9},"end":{"line":6,"column":21}},"loc":{"start":{"line":8,"column":3},"end":{"line":30,"column":1}},"line":8},"1":{"name":"(anonymous_1)","decl":{"start":{"line":19,"column":27},"end":{"line":19,"column":28}},"loc":{"start":{"line":20,"column":10},"end":{"line":25,"column":12}},"line":20}},"branchMap":{"0":{"loc":{"start":{"line":9,"column":2},"end":{"line":11,"column":3}},"type":"if","locations":[{"start":{"line":9,"column":2},"end":{"line":11,"column":3}},{"start":{},"end":{}}],"line":9},"1":{"loc":{"start":{"line":9,"column":6},"end":{"line":9,"column":51}},"type":"binary-expr","locations":[{"start":{"line":9,"column":6},"end":{"line":9,"column":24}},{"start":{"line":9,"column":28},"end":{"line":9,"column":51}}],"line":9}},"s":{"0":2,"1":1,"2":2,"3":2},"f":{"0":2,"1":2},"b":{"0":[1,1],"1":[2,1]},"_coverageSchema":"1a1c01bbd47fc00a2c39e90264f33305004495a9","hash":"9a52020f32ddc31d75efdc251159fd14f044cbb1"}
,"/home/chgibson94/hackreactor/atelier/client/src/widgets/Overview/ProductTitle.jsx": {"path":"/home/chgibson94/hackreactor/atelier/client/src/widgets/Overview/ProductTitle.jsx","statementMap":{"0":{"start":{"line":8,"column":2},"end":{"line":42,"column":4}}},"fnMap":{"0":{"name":"ProductTitle","decl":{"start":{"line":5,"column":9},"end":{"line":5,"column":21}},"loc":{"start":{"line":7,"column":3},"end":{"line":43,"column":1}},"line":7}},"branchMap":{"0":{"loc":{"start":{"line":11,"column":7},"end":{"line":22,"column":7}},"type":"binary-expr","locations":[{"start":{"line":11,"column":7},"end":{"line":11,"column":22}},{"start":{"line":12,"column":6},"end":{"line":21,"column":12}}],"line":11},"1":{"loc":{"start":{"line":13,"column":27},"end":{"line":13,"column":45}},"type":"binary-expr","locations":[{"start":{"line":13,"column":27},"end":{"line":13,"column":40}},{"start":{"line":13,"column":44},"end":{"line":13,"column":45}}],"line":13},"2":{"loc":{"start":{"line":24,"column":11},"end":{"line":24,"column":53}},"type":"cond-expr","locations":[{"start":{"line":24,"column":21},"end":{"line":24,"column":33}},{"start":{"line":24,"column":36},"end":{"line":24,"column":53}}],"line":24},"3":{"loc":{"start":{"line":27,"column":24},"end":{"line":27,"column":72}},"type":"cond-expr","locations":[{"start":{"line":27,"column":52},"end":{"line":27,"column":65}},{"start":{"line":27,"column":68},"end":{"line":27,"column":72}}],"line":27},"4":{"loc":{"start":{"line":36,"column":28},"end":{"line":36,"column":76}},"type":"cond-expr","locations":[{"start":{"line":36,"column":56},"end":{"line":36,"column":69}},{"start":{"line":36,"column":72},"end":{"line":36,"column":76}}],"line":36}},"s":{"0":1},"f":{"0":1},"b":{"0":[1,0],"1":[0,0],"2":[1,0],"3":[1,0],"4":[0,1]},"_coverageSchema":"1a1c01bbd47fc00a2c39e90264f33305004495a9","hash":"5191b45858ab0dfe8b8825059b6f2d414dc99f19"}
,"/home/chgibson94/hackreactor/atelier/client/src/widgets/Overview/SocialShare.jsx": {"path":"/home/chgibson94/hackreactor/atelier/client/src/widgets/Overview/SocialShare.jsx","statementMap":{"0":{"start":{"line":8,"column":2},"end":{"line":27,"column":4}}},"fnMap":{"0":{"name":"SocialShare","decl":{"start":{"line":7,"column":9},"end":{"line":7,"column":20}},"loc":{"start":{"line":7,"column":23},"end":{"line":28,"column":1}},"line":7}},"branchMap":{},"s":{"0":1},"f":{"0":1},"b":{},"_coverageSchema":"1a1c01bbd47fc00a2c39e90264f33305004495a9","hash":"02e05b932742b1e047fb0e74355b18978c182a68"}
,"/home/chgibson94/hackreactor/atelier/client/src/widgets/Overview/Style.jsx": {"path":"/home/chgibson94/hackreactor/atelier/client/src/widgets/Overview/Style.jsx","statementMap":{"0":{"start":{"line":6,"column":2},"end":{"line":20,"column":4}},"1":{"start":{"line":9,"column":8},"end":{"line":9,"column":28}}},"fnMap":{"0":{"name":"Style","decl":{"start":{"line":5,"column":9},"end":{"line":5,"column":14}},"loc":{"start":{"line":5,"column":58},"end":{"line":21,"column":1}},"line":5},"1":{"name":"(anonymous_1)","decl":{"start":{"line":8,"column":15},"end":{"line":8,"column":16}},"loc":{"start":{"line":8,"column":21},"end":{"line":10,"column":7}},"line":8}},"branchMap":{"0":{"loc":{"start":{"line":5,"column":38},"end":{"line":5,"column":54}},"type":"default-arg","locations":[{"start":{"line":5,"column":49},"end":{"line":5,"column":54}}],"line":5},"1":{"loc":{"start":{"line":14,"column":7},"end":{"line":18,"column":14}},"type":"cond-expr","locations":[{"start":{"line":15,"column":8},"end":{"line":17,"column":14}},{"start":{"line":18,"column":10},"end":{"line":18,"column":14}}],"line":14}},"s":{"0":2,"1":0},"f":{"0":2,"1":0},"b":{"0":[0],"1":[0,2]},"_coverageSchema":"1a1c01bbd47fc00a2c39e90264f33305004495a9","hash":"d05cac3c4fd05cde38b5168bb4427ca71ba0a2a0"}
,"/home/chgibson94/hackreactor/atelier/client/src/widgets/Overview/Thumbnails.jsx": {"path":"/home/chgibson94/hackreactor/atelier/client/src/widgets/Overview/Thumbnails.jsx","statementMap":{"0":{"start":{"line":6,"column":2},"end":{"line":29,"column":4}},"1":{"start":{"line":9,"column":8},"end":{"line":22,"column":9}},"2":{"start":{"line":10,"column":10},"end":{"line":21,"column":12}},"3":{"start":{"line":13,"column":16},"end":{"line":13,"column":40}}},"fnMap":{"0":{"name":"Thumbnails","decl":{"start":{"line":5,"column":9},"end":{"line":5,"column":19}},"loc":{"start":{"line":5,"column":57},"end":{"line":30,"column":1}},"line":5},"1":{"name":"(anonymous_1)","decl":{"start":{"line":8,"column":16},"end":{"line":8,"column":17}},"loc":{"start":{"line":8,"column":32},"end":{"line":23,"column":7}},"line":8},"2":{"name":"(anonymous_2)","decl":{"start":{"line":12,"column":23},"end":{"line":12,"column":24}},"loc":{"start":{"line":12,"column":29},"end":{"line":14,"column":15}},"line":12}},"branchMap":{"0":{"loc":{"start":{"line":9,"column":8},"end":{"line":22,"column":9}},"type":"if","locations":[{"start":{"line":9,"column":8},"end":{"line":22,"column":9}},{"start":{},"end":{}}],"line":9},"1":{"loc":{"start":{"line":16,"column":25},"end":{"line":16,"column":67}},"type":"cond-expr","locations":[{"start":{"line":16,"column":45},"end":{"line":16,"column":60}},{"start":{"line":16,"column":63},"end":{"line":16,"column":67}}],"line":16}},"s":{"0":3,"1":6,"2":6,"3":0},"f":{"0":3,"1":6,"2":0},"b":{"0":[6,0],"1":[3,3]},"_coverageSchema":"1a1c01bbd47fc00a2c39e90264f33305004495a9","hash":"6ae155e6290e3e11f2fd5a5f61869aede9173759"}
,"/home/chgibson94/hackreactor/atelier/client/src/widgets/RatingsReviews/NewReviewForm.jsx": {"path":"/home/chgibson94/hackreactor/atelier/client/src/widgets/RatingsReviews/NewReviewForm.jsx","statementMap":{"0":{"start":{"line":6,"column":22},"end":{"line":154,"column":1}},"1":{"start":{"line":7,"column":30},"end":{"line":7,"column":41}},"2":{"start":{"line":8,"column":62},"end":{"line":8,"column":74}},"3":{"start":{"line":9,"column":60},"end":{"line":9,"column":72}},"4":{"start":{"line":10,"column":36},"end":{"line":10,"column":50}},"5":{"start":{"line":11,"column":32},"end":{"line":11,"column":44}},"6":{"start":{"line":12,"column":26},"end":{"line":12,"column":38}},"7":{"start":{"line":13,"column":36},"end":{"line":13,"column":51}},"8":{"start":{"line":14,"column":26},"end":{"line":14,"column":38}},"9":{"start":{"line":15,"column":28},"end":{"line":15,"column":40}},"10":{"start":{"line":17,"column":37},"end":{"line":19,"column":3}},"11":{"start":{"line":18,"column":4},"end":{"line":18,"column":79}},"12":{"start":{"line":18,"column":38},"end":{"line":18,"column":76}},"13":{"start":{"line":21,"column":23},"end":{"line":47,"column":3}},"14":{"start":{"line":22,"column":4},"end":{"line":22,"column":23}},"15":{"start":{"line":23,"column":20},"end":{"line":32,"column":5}},"16":{"start":{"line":33,"column":4},"end":{"line":33,"column":42}},"17":{"start":{"line":35,"column":4},"end":{"line":46,"column":5}},"18":{"start":{"line":36,"column":23},"end":{"line":40,"column":8}},"19":{"start":{"line":41,"column":6},"end":{"line":41,"column":67}},"20":{"start":{"line":42,"column":6},"end":{"line":42,"column":16}},"21":{"start":{"line":44,"column":6},"end":{"line":44,"column":55}},"22":{"start":{"line":49,"column":2},"end":{"line":66,"column":26}},"23":{"start":{"line":50,"column":40},"end":{"line":63,"column":5}},"24":{"start":{"line":51,"column":6},"end":{"line":62,"column":7}},"25":{"start":{"line":52,"column":25},"end":{"line":57,"column":12}},"26":{"start":{"line":58,"column":8},"end":{"line":58,"column":65}},"27":{"start":{"line":59,"column":8},"end":{"line":59,"column":28}},"28":{"start":{"line":61,"column":8},"end":{"line":61,"column":64}},"29":{"start":{"line":65,"column":4},"end":{"line":65,"column":34}},"30":{"start":{"line":68,"column":2},"end":{"line":70,"column":3}},"31":{"start":{"line":69,"column":4},"end":{"line":69,"column":33}},"32":{"start":{"line":72,"column":2},"end":{"line":153,"column":4}},"33":{"start":{"line":86,"column":27},"end":{"line":86,"column":53}},"34":{"start":{"line":95,"column":27},"end":{"line":95,"column":50}},"35":{"start":{"line":106,"column":29},"end":{"line":106,"column":59}},"36":{"start":{"line":117,"column":27},"end":{"line":117,"column":50}},"37":{"start":{"line":127,"column":27},"end":{"line":127,"column":51}},"38":{"start":{"line":133,"column":8},"end":{"line":148,"column":14}},"39":{"start":{"line":137,"column":14},"end":{"line":145,"column":22}},"40":{"start":{"line":143,"column":35},"end":{"line":143,"column":93}}},"fnMap":{"0":{"name":"(anonymous_0)","decl":{"start":{"line":6,"column":22},"end":{"line":6,"column":23}},"loc":{"start":{"line":6,"column":61},"end":{"line":154,"column":1}},"line":6},"1":{"name":"(anonymous_1)","decl":{"start":{"line":17,"column":37},"end":{"line":17,"column":38}},"loc":{"start":{"line":17,"column":56},"end":{"line":19,"column":3}},"line":17},"2":{"name":"(anonymous_2)","decl":{"start":{"line":18,"column":29},"end":{"line":18,"column":30}},"loc":{"start":{"line":18,"column":38},"end":{"line":18,"column":76}},"line":18},"3":{"name":"(anonymous_3)","decl":{"start":{"line":21,"column":23},"end":{"line":21,"column":24}},"loc":{"start":{"line":21,"column":36},"end":{"line":47,"column":3}},"line":21},"4":{"name":"(anonymous_4)","decl":{"start":{"line":49,"column":12},"end":{"line":49,"column":13}},"loc":{"start":{"line":49,"column":18},"end":{"line":66,"column":3}},"line":49},"5":{"name":"(anonymous_5)","decl":{"start":{"line":50,"column":40},"end":{"line":50,"column":41}},"loc":{"start":{"line":50,"column":52},"end":{"line":63,"column":5}},"line":50},"6":{"name":"(anonymous_6)","decl":{"start":{"line":86,"column":20},"end":{"line":86,"column":21}},"loc":{"start":{"line":86,"column":27},"end":{"line":86,"column":53}},"line":86},"7":{"name":"(anonymous_7)","decl":{"start":{"line":95,"column":20},"end":{"line":95,"column":21}},"loc":{"start":{"line":95,"column":27},"end":{"line":95,"column":50}},"line":95},"8":{"name":"(anonymous_8)","decl":{"start":{"line":106,"column":22},"end":{"line":106,"column":23}},"loc":{"start":{"line":106,"column":29},"end":{"line":106,"column":59}},"line":106},"9":{"name":"(anonymous_9)","decl":{"start":{"line":117,"column":20},"end":{"line":117,"column":21}},"loc":{"start":{"line":117,"column":27},"end":{"line":117,"column":50}},"line":117},"10":{"name":"(anonymous_10)","decl":{"start":{"line":127,"column":20},"end":{"line":127,"column":21}},"loc":{"start":{"line":127,"column":27},"end":{"line":127,"column":51}},"line":127},"11":{"name":"(anonymous_11)","decl":{"start":{"line":132,"column":50},"end":{"line":132,"column":51}},"loc":{"start":{"line":133,"column":8},"end":{"line":148,"column":14}},"line":133},"12":{"name":"(anonymous_12)","decl":{"start":{"line":136,"column":33},"end":{"line":136,"column":34}},"loc":{"start":{"line":137,"column":14},"end":{"line":145,"column":22}},"line":137},"13":{"name":"(anonymous_13)","decl":{"start":{"line":143,"column":28},"end":{"line":143,"column":29}},"loc":{"start":{"line":143,"column":35},"end":{"line":143,"column":93}},"line":143}},"branchMap":{"0":{"loc":{"start":{"line":68,"column":2},"end":{"line":70,"column":3}},"type":"if","locations":[{"start":{"line":68,"column":2},"end":{"line":70,"column":3}},{"start":{},"end":{}}],"line":68}},"s":{"0":3,"1":2,"2":2,"3":2,"4":2,"5":2,"6":2,"7":2,"8":2,"9":2,"10":2,"11":0,"12":0,"13":2,"14":0,"15":0,"16":0,"17":0,"18":0,"19":0,"20":0,"21":0,"22":2,"23":1,"24":1,"25":1,"26":1,"27":1,"28":0,"29":1,"30":2,"31":1,"32":1,"33":0,"34":0,"35":0,"36":0,"37":0,"38":2,"39":10,"40":0},"f":{"0":2,"1":0,"2":0,"3":0,"4":1,"5":1,"6":0,"7":0,"8":0,"9":0,"10":0,"11":2,"12":10,"13":0},"b":{"0":[1,1]},"_coverageSchema":"1a1c01bbd47fc00a2c39e90264f33305004495a9","hash":"4a0d1db63aadd1565aba8ec8528c915193865b97"}
,"/home/chgibson94/hackreactor/atelier/client/src/widgets/RatingsReviews/ProductBreakdown.jsx": {"path":"/home/chgibson94/hackreactor/atelier/client/src/widgets/RatingsReviews/ProductBreakdown.jsx","statementMap":{"0":{"start":{"line":5,"column":25},"end":{"line":57,"column":1}},"1":{"start":{"line":6,"column":40},"end":{"line":6,"column":73}},"2":{"start":{"line":8,"column":25},"end":{"line":20,"column":3}},"3":{"start":{"line":9,"column":4},"end":{"line":19,"column":9}},"4":{"start":{"line":15,"column":8},"end":{"line":15,"column":38}},"5":{"start":{"line":18,"column":8},"end":{"line":18,"column":52}},"6":{"start":{"line":22,"column":2},"end":{"line":26,"column":23}},"7":{"start":{"line":23,"column":4},"end":{"line":25,"column":5}},"8":{"start":{"line":24,"column":6},"end":{"line":24,"column":23}},"9":{"start":{"line":28,"column":30},"end":{"line":28,"column":69}},"10":{"start":{"line":28,"column":41},"end":{"line":28,"column":69}},"11":{"start":{"line":30,"column":2},"end":{"line":56,"column":4}},"12":{"start":{"line":33,"column":26},"end":{"line":33,"column":69}},"13":{"start":{"line":34,"column":8},"end":{"line":53,"column":10}}},"fnMap":{"0":{"name":"(anonymous_0)","decl":{"start":{"line":5,"column":25},"end":{"line":5,"column":26}},"loc":{"start":{"line":5,"column":55},"end":{"line":57,"column":1}},"line":5},"1":{"name":"(anonymous_1)","decl":{"start":{"line":8,"column":25},"end":{"line":8,"column":26}},"loc":{"start":{"line":8,"column":31},"end":{"line":20,"column":3}},"line":8},"2":{"name":"(anonymous_2)","decl":{"start":{"line":14,"column":12},"end":{"line":14,"column":13}},"loc":{"start":{"line":14,"column":26},"end":{"line":16,"column":7}},"line":14},"3":{"name":"(anonymous_3)","decl":{"start":{"line":17,"column":13},"end":{"line":17,"column":14}},"loc":{"start":{"line":17,"column":22},"end":{"line":19,"column":7}},"line":17},"4":{"name":"(anonymous_4)","decl":{"start":{"line":22,"column":12},"end":{"line":22,"column":13}},"loc":{"start":{"line":22,"column":18},"end":{"line":26,"column":3}},"line":22},"5":{"name":"(anonymous_5)","decl":{"start":{"line":28,"column":30},"end":{"line":28,"column":31}},"loc":{"start":{"line":28,"column":41},"end":{"line":28,"column":69}},"line":28},"6":{"name":"(anonymous_6)","decl":{"start":{"line":32,"column":52},"end":{"line":32,"column":53}},"loc":{"start":{"line":32,"column":66},"end":{"line":54,"column":7}},"line":32}},"branchMap":{"0":{"loc":{"start":{"line":23,"column":4},"end":{"line":25,"column":5}},"type":"if","locations":[{"start":{"line":23,"column":4},"end":{"line":25,"column":5}},{"start":{},"end":{}}],"line":23},"1":{"loc":{"start":{"line":23,"column":8},"end":{"line":23,"column":43}},"type":"binary-expr","locations":[{"start":{"line":23,"column":8},"end":{"line":23,"column":22}},{"start":{"line":23,"column":26},"end":{"line":23,"column":43}}],"line":23},"2":{"loc":{"start":{"line":49,"column":21},"end":{"line":49,"column":109}},"type":"cond-expr","locations":[{"start":{"line":49,"column":89},"end":{"line":49,"column":100}},{"start":{"line":49,"column":103},"end":{"line":49,"column":109}}],"line":49},"3":{"loc":{"start":{"line":49,"column":21},"end":{"line":49,"column":86}},"type":"binary-expr","locations":[{"start":{"line":49,"column":21},"end":{"line":49,"column":40}},{"start":{"line":49,"column":44},"end":{"line":49,"column":64}},{"start":{"line":49,"column":68},"end":{"line":49,"column":86}}],"line":49},"4":{"loc":{"start":{"line":50,"column":21},"end":{"line":50,"column":110}},"type":"cond-expr","locations":[{"start":{"line":50,"column":89},"end":{"line":50,"column":100}},{"start":{"line":50,"column":103},"end":{"line":50,"column":110}}],"line":50},"5":{"loc":{"start":{"line":50,"column":21},"end":{"line":50,"column":86}},"type":"binary-expr","locations":[{"start":{"line":50,"column":21},"end":{"line":50,"column":40}},{"start":{"line":50,"column":44},"end":{"line":50,"column":64}},{"start":{"line":50,"column":68},"end":{"line":50,"column":86}}],"line":50}},"s":{"0":2,"1":2,"2":2,"3":1,"4":1,"5":0,"6":2,"7":1,"8":1,"9":2,"10":1,"11":2,"12":1,"13":1},"f":{"0":2,"1":1,"2":1,"3":0,"4":1,"5":1,"6":1},"b":{"0":[1,0],"1":[1,1],"2":[0,1],"3":[1,1,1],"4":[0,1],"5":[1,1,1]},"_coverageSchema":"1a1c01bbd47fc00a2c39e90264f33305004495a9","hash":"81e01e58a935f651bbb7e7067a2089b4363423db"}
,"/home/chgibson94/hackreactor/atelier/client/src/widgets/RatingsReviews/RRList.jsx": {"path":"/home/chgibson94/hackreactor/atelier/client/src/widgets/RatingsReviews/RRList.jsx","statementMap":{"0":{"start":{"line":7,"column":15},"end":{"line":52,"column":1}},"1":{"start":{"line":8,"column":52},"end":{"line":8,"column":63}},"2":{"start":{"line":9,"column":46},"end":{"line":9,"column":61}},"3":{"start":{"line":11,"column":2},"end":{"line":13,"column":3}},"4":{"start":{"line":12,"column":4},"end":{"line":12,"column":44}},"5":{"start":{"line":15,"column":33},"end":{"line":18,"column":3}},"6":{"start":{"line":16,"column":21},"end":{"line":16,"column":83}},"7":{"start":{"line":17,"column":4},"end":{"line":17,"column":35}},"8":{"start":{"line":20,"column":31},"end":{"line":22,"column":3}},"9":{"start":{"line":21,"column":4},"end":{"line":21,"column":28}},"10":{"start":{"line":24,"column":32},"end":{"line":26,"column":3}},"11":{"start":{"line":25,"column":4},"end":{"line":25,"column":29}},"12":{"start":{"line":28,"column":2},"end":{"line":51,"column":4}},"13":{"start":{"line":32,"column":10},"end":{"line":35,"column":12}}},"fnMap":{"0":{"name":"(anonymous_0)","decl":{"start":{"line":7,"column":15},"end":{"line":7,"column":16}},"loc":{"start":{"line":7,"column":61},"end":{"line":52,"column":1}},"line":7},"1":{"name":"(anonymous_1)","decl":{"start":{"line":15,"column":33},"end":{"line":15,"column":34}},"loc":{"start":{"line":15,"column":39},"end":{"line":18,"column":3}},"line":15},"2":{"name":"(anonymous_2)","decl":{"start":{"line":20,"column":31},"end":{"line":20,"column":32}},"loc":{"start":{"line":20,"column":37},"end":{"line":22,"column":3}},"line":20},"3":{"name":"(anonymous_3)","decl":{"start":{"line":24,"column":32},"end":{"line":24,"column":33}},"loc":{"start":{"line":24,"column":38},"end":{"line":26,"column":3}},"line":24},"4":{"name":"(anonymous_4)","decl":{"start":{"line":31,"column":64},"end":{"line":31,"column":65}},"loc":{"start":{"line":32,"column":10},"end":{"line":35,"column":12}},"line":32}},"branchMap":{"0":{"loc":{"start":{"line":11,"column":2},"end":{"line":13,"column":3}},"type":"if","locations":[{"start":{"line":11,"column":2},"end":{"line":13,"column":3}},{"start":{},"end":{}}],"line":11},"1":{"loc":{"start":{"line":11,"column":6},"end":{"line":11,"column":48}},"type":"binary-expr","locations":[{"start":{"line":11,"column":6},"end":{"line":11,"column":21}},{"start":{"line":11,"column":25},"end":{"line":11,"column":48}}],"line":11},"2":{"loc":{"start":{"line":39,"column":9},"end":{"line":41,"column":9}},"type":"binary-expr","locations":[{"start":{"line":39,"column":9},"end":{"line":39,"column":58}},{"start":{"line":40,"column":10},"end":{"line":40,"column":98}}],"line":39},"3":{"loc":{"start":{"line":44,"column":7},"end":{"line":49,"column":7}},"type":"binary-expr","locations":[{"start":{"line":44,"column":7},"end":{"line":44,"column":21}},{"start":{"line":45,"column":8},"end":{"line":48,"column":10}}],"line":44}},"s":{"0":2,"1":1,"2":1,"3":1,"4":0,"5":1,"6":0,"7":0,"8":1,"9":0,"10":1,"11":0,"12":1,"13":2},"f":{"0":1,"1":0,"2":0,"3":0,"4":2},"b":{"0":[0,1],"1":[1,1],"2":[1,0],"3":[1,0]},"_coverageSchema":"1a1c01bbd47fc00a2c39e90264f33305004495a9","hash":"3c9e76f10417d1823539435becdff1c19a9612f2"}
,"/home/chgibson94/hackreactor/atelier/client/src/widgets/RatingsReviews/RRListItem.jsx": {"path":"/home/chgibson94/hackreactor/atelier/client/src/widgets/RatingsReviews/RRListItem.jsx","statementMap":{"0":{"start":{"line":7,"column":19},"end":{"line":31,"column":1}},"1":{"start":{"line":8,"column":2},"end":{"line":30,"column":4}}},"fnMap":{"0":{"name":"(anonymous_0)","decl":{"start":{"line":7,"column":19},"end":{"line":7,"column":20}},"loc":{"start":{"line":7,"column":41},"end":{"line":31,"column":1}},"line":7}},"branchMap":{},"s":{"0":2,"1":2},"f":{"0":2},"b":{},"_coverageSchema":"1a1c01bbd47fc00a2c39e90264f33305004495a9","hash":"70fa3adff9ed8954d5d61ca9c086e376f12c46a4"}
,"/home/chgibson94/hackreactor/atelier/client/src/widgets/RatingsReviews/RatingBreakdown.jsx": {"path":"/home/chgibson94/hackreactor/atelier/client/src/widgets/RatingsReviews/RatingBreakdown.jsx","statementMap":{"0":{"start":{"line":6,"column":24},"end":{"line":65,"column":1}},"1":{"start":{"line":7,"column":28},"end":{"line":7,"column":29}},"2":{"start":{"line":8,"column":23},"end":{"line":14,"column":3}},"3":{"start":{"line":16,"column":2},"end":{"line":27,"column":3}},"4":{"start":{"line":17,"column":4},"end":{"line":20,"column":17}},"5":{"start":{"line":18,"column":47},"end":{"line":18,"column":63}},"6":{"start":{"line":22,"column":4},"end":{"line":26,"column":7}},"7":{"start":{"line":23,"column":6},"end":{"line":25,"column":7}},"8":{"start":{"line":24,"column":8},"end":{"line":24,"column":38}},"9":{"start":{"line":29,"column":23},"end":{"line":29,"column":81}},"10":{"start":{"line":30,"column":26},"end":{"line":30,"column":28}},"11":{"start":{"line":32,"column":2},"end":{"line":35,"column":5}},"12":{"start":{"line":33,"column":18},"end":{"line":33,"column":35}},"13":{"start":{"line":34,"column":4},"end":{"line":34,"column":94}},"14":{"start":{"line":37,"column":2},"end":{"line":64,"column":4}},"15":{"start":{"line":48,"column":8},"end":{"line":61,"column":14}}},"fnMap":{"0":{"name":"(anonymous_0)","decl":{"start":{"line":6,"column":24},"end":{"line":6,"column":25}},"loc":{"start":{"line":6,"column":69},"end":{"line":65,"column":1}},"line":6},"1":{"name":"(anonymous_1)","decl":{"start":{"line":18,"column":37},"end":{"line":18,"column":38}},"loc":{"start":{"line":18,"column":47},"end":{"line":18,"column":63}},"line":18},"2":{"name":"(anonymous_2)","decl":{"start":{"line":22,"column":35},"end":{"line":22,"column":36}},"loc":{"start":{"line":22,"column":45},"end":{"line":26,"column":5}},"line":22},"3":{"name":"(anonymous_3)","decl":{"start":{"line":32,"column":36},"end":{"line":32,"column":37}},"loc":{"start":{"line":32,"column":45},"end":{"line":35,"column":3}},"line":32},"4":{"name":"(anonymous_4)","decl":{"start":{"line":47,"column":47},"end":{"line":47,"column":48}},"loc":{"start":{"line":48,"column":8},"end":{"line":61,"column":14}},"line":48}},"branchMap":{"0":{"loc":{"start":{"line":16,"column":2},"end":{"line":27,"column":3}},"type":"if","locations":[{"start":{"line":16,"column":2},"end":{"line":27,"column":3}},{"start":{},"end":{}}],"line":16},"1":{"loc":{"start":{"line":16,"column":6},"end":{"line":16,"column":46}},"type":"binary-expr","locations":[{"start":{"line":16,"column":6},"end":{"line":16,"column":20}},{"start":{"line":16,"column":24},"end":{"line":16,"column":46}}],"line":16},"2":{"loc":{"start":{"line":23,"column":6},"end":{"line":25,"column":7}},"type":"if","locations":[{"start":{"line":23,"column":6},"end":{"line":25,"column":7}},{"start":{},"end":{}}],"line":23},"3":{"loc":{"start":{"line":29,"column":23},"end":{"line":29,"column":81}},"type":"cond-expr","locations":[{"start":{"line":29,"column":48},"end":{"line":29,"column":77}},{"start":{"line":29,"column":80},"end":{"line":29,"column":81}}],"line":29},"4":{"loc":{"start":{"line":34,"column":29},"end":{"line":34,"column":93}},"type":"cond-expr","locations":[{"start":{"line":34,"column":48},"end":{"line":34,"column":89}},{"start":{"line":34,"column":92},"end":{"line":34,"column":93}}],"line":34}},"s":{"0":2,"1":5,"2":5,"3":5,"4":5,"5":22,"6":5,"7":22,"8":22,"9":5,"10":5,"11":5,"12":25,"13":25,"14":5,"15":25},"f":{"0":5,"1":22,"2":22,"3":25,"4":25},"b":{"0":[5,0],"1":[5,5],"2":[22,0],"3":[5,0],"4":[25,0]},"_coverageSchema":"1a1c01bbd47fc00a2c39e90264f33305004495a9","hash":"99a43944543e9f9f149935d1995feee132f0d895"}
,"/home/chgibson94/hackreactor/atelier/client/src/widgets/RatingsReviews/RatingsReviews.jsx": {"path":"/home/chgibson94/hackreactor/atelier/client/src/widgets/RatingsReviews/RatingsReviews.jsx","statementMap":{"0":{"start":{"line":7,"column":23},"end":{"line":34,"column":1}},"1":{"start":{"line":8,"column":2},"end":{"line":33,"column":4}}},"fnMap":{"0":{"name":"(anonymous_0)","decl":{"start":{"line":7,"column":23},"end":{"line":7,"column":24}},"loc":{"start":{"line":7,"column":84},"end":{"line":34,"column":1}},"line":7}},"branchMap":{},"s":{"0":1,"1":1},"f":{"0":1},"b":{},"_coverageSchema":"1a1c01bbd47fc00a2c39e90264f33305004495a9","hash":"881a4acdf3776d12d672583d14d0834a42f6ff47"}
,"/home/chgibson94/hackreactor/atelier/client/src/widgets/RatingsReviews/ReviewStars.jsx": {"path":"/home/chgibson94/hackreactor/atelier/client/src/widgets/RatingsReviews/ReviewStars.jsx","statementMap":{"0":{"start":{"line":5,"column":27},"end":{"line":11,"column":1}},"1":{"start":{"line":14,"column":44},"end":{"line":14,"column":55}},"2":{"start":{"line":15,"column":40},"end":{"line":15,"column":59}},"3":{"start":{"line":17,"column":22},"end":{"line":20,"column":3}},"4":{"start":{"line":18,"column":4},"end":{"line":18,"column":29}},"5":{"start":{"line":19,"column":4},"end":{"line":19,"column":22}},"6":{"start":{"line":22,"column":22},"end":{"line":24,"column":3}},"7":{"start":{"line":23,"column":4},"end":{"line":23,"column":27}},"8":{"start":{"line":26,"column":25},"end":{"line":28,"column":3}},"9":{"start":{"line":27,"column":4},"end":{"line":27,"column":30}},"10":{"start":{"line":30,"column":22},"end":{"line":48,"column":3}},"11":{"start":{"line":31,"column":16},"end":{"line":31,"column":18}},"12":{"start":{"line":32,"column":24},"end":{"line":32,"column":52}},"13":{"start":{"line":34,"column":4},"end":{"line":46,"column":5}},"14":{"start":{"line":34,"column":17},"end":{"line":34,"column":18}},"15":{"start":{"line":35,"column":6},"end":{"line":45,"column":8}},"16":{"start":{"line":38,"column":25},"end":{"line":38,"column":39}},"17":{"start":{"line":39,"column":29},"end":{"line":39,"column":43}},"18":{"start":{"line":47,"column":4},"end":{"line":47,"column":17}},"19":{"start":{"line":50,"column":2},"end":{"line":55,"column":4}}},"fnMap":{"0":{"name":"ReviewStars","decl":{"start":{"line":13,"column":9},"end":{"line":13,"column":20}},"loc":{"start":{"line":13,"column":36},"end":{"line":56,"column":1}},"line":13},"1":{"name":"(anonymous_1)","decl":{"start":{"line":17,"column":22},"end":{"line":17,"column":23}},"loc":{"start":{"line":17,"column":34},"end":{"line":20,"column":3}},"line":17},"2":{"name":"(anonymous_2)","decl":{"start":{"line":22,"column":22},"end":{"line":22,"column":23}},"loc":{"start":{"line":22,"column":34},"end":{"line":24,"column":3}},"line":22},"3":{"name":"(anonymous_3)","decl":{"start":{"line":26,"column":25},"end":{"line":26,"column":26}},"loc":{"start":{"line":26,"column":31},"end":{"line":28,"column":3}},"line":26},"4":{"name":"(anonymous_4)","decl":{"start":{"line":30,"column":22},"end":{"line":30,"column":23}},"loc":{"start":{"line":30,"column":28},"end":{"line":48,"column":3}},"line":30},"5":{"name":"(anonymous_5)","decl":{"start":{"line":38,"column":19},"end":{"line":38,"column":20}},"loc":{"start":{"line":38,"column":25},"end":{"line":38,"column":39}},"line":38},"6":{"name":"(anonymous_6)","decl":{"start":{"line":39,"column":23},"end":{"line":39,"column":24}},"loc":{"start":{"line":39,"column":29},"end":{"line":39,"column":43}},"line":39}},"branchMap":{"0":{"loc":{"start":{"line":32,"column":24},"end":{"line":32,"column":52}},"type":"binary-expr","locations":[{"start":{"line":32,"column":24},"end":{"line":32,"column":35}},{"start":{"line":32,"column":39},"end":{"line":32,"column":52}}],"line":32},"1":{"loc":{"start":{"line":43,"column":11},"end":{"line":43,"column":80}},"type":"cond-expr","locations":[{"start":{"line":43,"column":30},"end":{"line":43,"column":58}},{"start":{"line":43,"column":61},"end":{"line":43,"column":80}}],"line":43},"2":{"loc":{"start":{"line":53,"column":7},"end":{"line":53,"column":116}},"type":"binary-expr","locations":[{"start":{"line":53,"column":7},"end":{"line":53,"column":26}},{"start":{"line":53,"column":30},"end":{"line":53,"column":116}}],"line":53}},"s":{"0":3,"1":1,"2":1,"3":1,"4":0,"5":0,"6":1,"7":0,"8":1,"9":0,"10":1,"11":1,"12":1,"13":1,"14":1,"15":5,"16":0,"17":0,"18":1,"19":1},"f":{"0":1,"1":0,"2":0,"3":0,"4":1,"5":0,"6":0},"b":{"0":[1,1],"1":[0,5],"2":[1,0]},"_coverageSchema":"1a1c01bbd47fc00a2c39e90264f33305004495a9","hash":"40d9c9505b2cf00308e329b7d967a25952c1c044"}
}
