TN:
SF:client/src/sharedComponents/ParsedDate.jsx
FN:3,(anonymous_0)
FN:5,(anonymous_1)
FNF:2
FNH:2
FNDA:1,(anonymous_0)
FNDA:1,(anonymous_1)
DA:3,1
DA:5,1
DA:6,1
DA:7,1
DA:10,1
LF:5
LH:5
BRF:0
BRH:0
end_of_record
TN:
SF:client/src/sharedComponents/fiveStars/FiveStars.jsx
FN:8,FiveStars
FN:9,(anonymous_1)
FNF:2
FNH:2
FNDA:1,FiveStars
FNDA:1,(anonymous_1)
DA:9,1
DA:10,1
DA:11,1
DA:12,1
DA:13,1
DA:15,1
DA:16,4
DA:19,1
DA:20,1
DA:21,1
DA:24,1
DA:25,0
DA:28,1
DA:31,1
DA:36,1
LF:15
LH:14
BRDA:19,0,0,1
BRDA:19,0,1,0
BRDA:32,1,0,1
BRDA:32,1,1,0
BRF:4
BRH:2
end_of_record
TN:
SF:client/src/sharedComponents/upvoteLink/UpvoteLink.jsx
FN:12,UpvoteLink
FN:15,(anonymous_1)
FN:42,(anonymous_2)
FN:53,(anonymous_3)
FNF:4
FNH:2
FNDA:2,UpvoteLink
FNDA:0,(anonymous_1)
FNDA:1,(anonymous_2)
FNDA:0,(anonymous_3)
DA:13,2
DA:15,2
DA:16,0
DA:17,0
DA:19,0
DA:20,0
DA:21,0
DA:22,0
DA:23,0
DA:24,0
DA:25,0
DA:26,0
DA:27,0
DA:30,0
DA:42,2
DA:43,1
DA:44,1
DA:48,2
DA:54,0
DA:55,0
LF:20
LH:6
BRDA:19,0,0,0
BRDA:19,0,1,0
BRDA:22,1,0,0
BRDA:22,1,1,0
BRDA:25,2,0,0
BRDA:25,2,1,0
BRDA:43,3,0,1
BRDA:43,3,1,0
BRF:8
BRH:1
end_of_record
