TN:
SF:client/src/sharedComponents/ParsedDate.jsx
FN:3,(anonymous_0)
FN:5,(anonymous_1)
FNF:2
FNH:2
FNDA:1,(anonymous_0)
FNDA:1,(anonymous_1)
DA:3,1
DA:5,1
DA:6,1
DA:7,1
DA:10,1
LF:5
LH:5
BRF:0
BRH:0
end_of_record
TN:
SF:client/src/sharedComponents/customButton/CustomButton.jsx
FN:7,Button
FN:10,(anonymous_1)
FN:17,(anonymous_2)
FNF:3
FNH:0
FNDA:0,Button
FNDA:0,(anonymous_1)
FNDA:0,(anonymous_2)
DA:10,0
DA:11,0
DA:12,0
DA:16,0
DA:17,0
LF:5
LH:0
BRDA:11,0,0,0
BRDA:11,0,1,0
BRDA:18,1,0,0
BRDA:18,1,1,0
BRDA:22,2,0,0
BRDA:22,2,1,0
BRF:6
BRH:0
end_of_record
TN:
SF:client/src/sharedComponents/fiveStars/FiveStars.jsx
FN:6,FiveStars
FN:7,(anonymous_1)
FNF:2
FNH:2
FNDA:2,FiveStars
FNDA:2,(anonymous_1)
DA:7,2
DA:8,2
DA:9,2
DA:10,2
DA:11,2
DA:13,2
DA:14,8
DA:17,2
DA:18,2
DA:19,2
DA:22,2
DA:23,0
DA:26,2
DA:29,2
LF:14
LH:13
BRDA:17,0,0,2
BRDA:17,0,1,0
BRDA:30,1,0,2
BRDA:30,1,1,0
BRF:4
BRH:2
end_of_record
TN:
SF:client/src/widgets/Overview.jsx
FN:11,Overview
FN:25,(anonymous_1)
FN:31,(anonymous_2)
FN:33,(anonymous_3)
FN:38,(anonymous_4)
FN:41,(anonymous_5)
FN:47,(anonymous_6)
FN:55,(anonymous_7)
FN:72,(anonymous_8)
FN:76,(anonymous_9)
FNF:10
FNH:4
FNDA:3,Overview
FNDA:2,(anonymous_1)
FNDA:0,(anonymous_2)
FNDA:0,(anonymous_3)
FNDA:0,(anonymous_4)
FNDA:2,(anonymous_5)
FNDA:0,(anonymous_6)
FNDA:0,(anonymous_7)
FNDA:0,(anonymous_8)
FNDA:2,(anonymous_9)
DA:12,3
DA:16,3
DA:17,3
DA:18,3
DA:19,3
DA:20,3
DA:21,3
DA:22,3
DA:23,3
DA:25,3
DA:26,2
DA:32,0
DA:33,0
DA:34,0
DA:35,0
DA:39,0
DA:42,2
DA:43,2
DA:47,3
DA:48,0
DA:49,0
DA:55,3
DA:56,0
DA:57,0
DA:58,0
DA:60,0
DA:61,0
DA:72,3
DA:73,0
DA:76,3
DA:77,2
DA:80,3
DA:81,2
DA:84,1
DA:85,1
DA:88,0
DA:125,1
DA:130,1
LF:38
LH:24
BRDA:34,0,0,0
BRDA:34,0,1,0
BRDA:56,1,0,0
BRDA:56,1,1,0
BRDA:80,2,0,2
BRDA:80,2,1,1
BRDA:84,3,0,1
BRDA:84,3,1,0
BRF:8
BRH:3
end_of_record
TN:
SF:client/src/widgets/Overview/Description.jsx
FN:6,Description
FN:19,(anonymous_1)
FNF:2
FNH:2
FNDA:1,Description
FNDA:1,(anonymous_1)
DA:7,1
DA:20,1
LF:2
LH:2
BRDA:12,0,0,1
BRDA:12,0,1,0
BRDA:19,1,0,1
BRDA:19,1,1,0
BRF:4
BRH:2
end_of_record
TN:
SF:client/src/widgets/Overview/Gallery.jsx
FN:9,Gallery
FN:11,(anonymous_1)
FN:38,(anonymous_2)
FN:48,(anonymous_3)
FN:59,(anonymous_4)
FNF:5
FNH:0
FNDA:0,Gallery
FNDA:0,(anonymous_1)
FNDA:0,(anonymous_2)
FNDA:0,(anonymous_3)
FNDA:0,(anonymous_4)
DA:10,0
DA:11,0
DA:12,0
DA:13,0
DA:15,0
DA:16,0
DA:18,0
DA:19,0
DA:23,0
DA:24,0
DA:27,0
DA:39,0
DA:49,0
DA:60,0
LF:14
LH:0
BRDA:12,0,0,0
BRDA:12,0,1,0
BRDA:12,1,0,0
BRDA:12,1,1,0
BRDA:15,2,0,0
BRDA:15,2,1,0
BRDA:15,3,0,0
BRDA:15,3,1,0
BRDA:18,4,0,0
BRDA:18,4,1,0
BRDA:23,5,0,0
BRDA:23,5,1,0
BRDA:35,6,0,0
BRDA:35,6,1,0
BRDA:45,7,0,0
BRDA:45,7,1,0
BRF:16
BRH:0
end_of_record
TN:
SF:client/src/widgets/Overview/GalleryImg.jsx
FN:4,GalleryImg
FNF:1
FNH:0
FNDA:0,GalleryImg
DA:5,0
LF:1
LH:0
BRF:0
BRH:0
end_of_record
TN:
SF:client/src/widgets/Overview/ProductSize.jsx
FN:7,ProductSize
FN:14,(anonymous_1)
FN:23,(anonymous_2)
FN:27,(anonymous_3)
FN:29,(anonymous_4)
FN:43,(anonymous_5)
FN:48,(anonymous_6)
FNF:7
FNH:0
FNDA:0,ProductSize
FNDA:0,(anonymous_1)
FNDA:0,(anonymous_2)
FNDA:0,(anonymous_3)
FNDA:0,(anonymous_4)
FNDA:0,(anonymous_5)
FNDA:0,(anonymous_6)
DA:10,0
DA:11,0
DA:12,0
DA:14,0
DA:15,0
DA:16,0
DA:17,0
DA:18,0
DA:19,0
DA:20,0
DA:23,0
DA:24,0
DA:27,0
DA:28,0
DA:29,0
DA:30,0
DA:32,0
DA:33,0
DA:37,0
DA:43,0
DA:48,0
LF:21
LH:0
BRDA:32,0,0,0
BRDA:32,0,1,0
BRDA:39,1,0,0
BRDA:39,1,1,0
BRDA:42,2,0,0
BRDA:42,2,1,0
BRDA:43,3,0,0
BRDA:43,3,1,0
BRDA:47,4,0,0
BRDA:47,4,1,0
BRDA:48,5,0,0
BRDA:48,5,1,0
BRF:12
BRH:0
end_of_record
TN:
SF:client/src/widgets/Overview/ProductStyle.jsx
FN:6,ProductStyle
FN:19,(anonymous_1)
FNF:2
FNH:2
FNDA:2,ProductStyle
FNDA:2,(anonymous_1)
DA:9,2
DA:10,1
DA:12,2
DA:20,2
LF:4
LH:4
BRDA:9,0,0,1
BRDA:9,0,1,1
BRDA:9,1,0,2
BRDA:9,1,1,1
BRF:4
BRH:4
end_of_record
TN:
SF:client/src/widgets/Overview/ProductTitle.jsx
FN:5,ProductTitle
FNF:1
FNH:1
FNDA:1,ProductTitle
DA:8,1
LF:1
LH:1
BRDA:11,0,0,1
BRDA:11,0,1,0
BRDA:13,1,0,0
BRDA:13,1,1,0
BRDA:24,2,0,1
BRDA:24,2,1,0
BRDA:27,3,0,1
BRDA:27,3,1,0
BRDA:36,4,0,0
BRDA:36,4,1,1
BRF:10
BRH:4
end_of_record
TN:
SF:client/src/widgets/Overview/SocialShare.jsx
FN:7,SocialShare
FNF:1
FNH:1
FNDA:1,SocialShare
DA:8,1
LF:1
LH:1
BRF:0
BRH:0
end_of_record
TN:
SF:client/src/widgets/Overview/Style.jsx
FN:5,Style
FN:8,(anonymous_1)
FNF:2
FNH:1
FNDA:2,Style
FNDA:0,(anonymous_1)
DA:6,2
DA:9,0
LF:2
LH:1
BRDA:5,0,0,0
BRDA:14,1,0,0
BRDA:14,1,1,2
BRF:3
BRH:1
end_of_record
TN:
SF:client/src/widgets/Overview/Thumbnails.jsx
FN:5,Thumbnails
FN:8,(anonymous_1)
FN:12,(anonymous_2)
FNF:3
FNH:0
FNDA:0,Thumbnails
FNDA:0,(anonymous_1)
FNDA:0,(anonymous_2)
DA:6,0
DA:9,0
DA:10,0
DA:13,0
LF:4
LH:0
BRDA:9,0,0,0
BRDA:9,0,1,0
BRDA:16,1,0,0
BRDA:16,1,1,0
BRF:4
BRH:0
end_of_record
